<?xml version="1.0" encoding="UTF-8"?>
<testsuite xmlns:xsi="http://www.w3.org/2001/XMLSchema-instance" xsi:noNamespaceSchemaLocation="https://maven.apache.org/surefire/maven-surefire-plugin/xsd/surefire-test-report-3.0.xsd" version="3.0" name="app.MovieAPI.movies.MoviesApplicationTests" time="1.423" tests="1" errors="0" skipped="0" failures="0">
  <properties>
[...]
</properties>
  <testcase name="contextLoads" classname="app.MovieAPI.movies.MoviesApplicationTests" time="0.392">
    <system-out><![CDATA[20:29:38.181 [main] INFO org.springframework.test.context.support.AnnotationConfigContextLoaderUtils -- Could not detect default configuration classes for test class [app.MovieAPI.movies.MoviesApplicationTests]: MoviesApplicationTests does not declare any static, non-private, non-final, nested classes annotated with @Configuration.
20:29:38.233 [main] INFO org.springframework.boot.test.context.SpringBootTestContextBootstrapper -- Found @SpringBootConfiguration app.MovieAPI.movies.MoviesApplication for test class app.MovieAPI.movies.MoviesApplicationTests

  .   ____          _            __ _ _
 /\\ / ___'_ __ _ _(_)_ __  __ _ \ \ \ \
( ( )\___ | '_ | '_| | '_ \/ _` | \ \ \ \
 \\/  ___)| |_)| | | | | || (_| |  ) ) ) )
  '  |____| .__|_| |_|_| |_\__, | / / / /
 =========|_|==============|___/=/_/_/_/
 :: Spring Boot ::                (v3.1.2)

2023-07-24T20:29:38.397-07:00  INFO 96442 --- [           main] a.M.movies.MoviesApplicationTests        : Starting MoviesApplicationTests using Java 17.0.7 with PID 96442 (started by rohanhangal in /Users/rohanhangal/PersonalProjects/movies)
2023-07-24T20:29:38.398-07:00  INFO 96442 --- [           main] a.M.movies.MoviesApplicationTests        : No active profile set, falling back to 1 default profile: "default"
2023-07-24T20:29:38.610-07:00  INFO 96442 --- [           main] .s.d.r.c.RepositoryConfigurationDelegate : Bootstrapping Spring Data MongoDB repositories in DEFAULT mode.
2023-07-24T20:29:38.628-07:00  INFO 96442 --- [           main] .s.d.r.c.RepositoryConfigurationDelegate : Finished Spring Data repository scanning in 16 ms. Found 2 MongoDB repository interfaces.
2023-07-24T20:29:38.843-07:00  INFO 96442 --- [           main] org.mongodb.driver.client                : MongoClient with metadata {"driver": {"name": "mongo-java-driver|sync|spring-boot", "version": "4.9.1"}, "os": {"type": "Darwin", "name": "Mac OS X", "architecture": "aarch64", "version": "13.4.1"}, "platform": "Java/Oracle Corporation/17.0.7+8-LTS-224"} created with settings MongoClientSettings{readPreference=primary, writeConcern=WriteConcern{w=null, wTimeout=null ms, journal=null}, retryWrites=true, retryReads=true, readConcern=ReadConcern{level=null}, credential=MongoCredential{mechanism=null, userName='mhwhunter', source='admin', password=<hidden>, mechanismProperties=<hidden>}, streamFactoryFactory=null, commandListeners=[], codecRegistry=ProvidersCodecRegistry{codecProviders=[ValueCodecProvider{}, BsonValueCodecProvider{}, DBRefCodecProvider{}, DBObjectCodecProvider{}, DocumentCodecProvider{}, CollectionCodecProvider{}, IterableCodecProvider{}, MapCodecProvider{}, GeoJsonCodecProvider{}, GridFSFileCodecProvider{}, Jsr310CodecProvider{}, JsonObjectCodecProvider{}, BsonCodecProvider{}, EnumCodecProvider{}, com.mongodb.client.model.mql.ExpressionCodecProvider@2e766822, com.mongodb.Jep395RecordCodecProvider@3003e580]}, loggerSettings=LoggerSettings{maxDocumentLength=1000}, clusterSettings={hosts=[127.0.0.1:27017], srvHost=movieapi.yeroewl.mongodb.net, srvServiceName=mongodb, mode=MULTIPLE, requiredClusterType=REPLICA_SET, requiredReplicaSetName='atlas-cptxri-shard-0', serverSelector='null', clusterListeners='[]', serverSelectionTimeout='30000 ms', localThreshold='30000 ms'}, socketSettings=SocketSettings{connectTimeoutMS=10000, readTimeoutMS=0, receiveBufferSize=0, sendBufferSize=0}, heartbeatSocketSettings=SocketSettings{connectTimeoutMS=10000, readTimeoutMS=10000, receiveBufferSize=0, sendBufferSize=0}, connectionPoolSettings=ConnectionPoolSettings{maxSize=100, minSize=0, maxWaitTimeMS=120000, maxConnectionLifeTimeMS=0, maxConnectionIdleTimeMS=0, maintenanceInitialDelayMS=0, maintenanceFrequencyMS=60000, connectionPoolListeners=[], maxConnecting=2}, serverSettings=ServerSettings{heartbeatFrequencyMS=10000, minHeartbeatFrequencyMS=500, serverListeners='[]', serverMonitorListeners='[]'}, sslSettings=SslSettings{enabled=true, invalidHostNameAllowed=false, context=null}, applicationName='null', compressorList=[], uuidRepresentation=JAVA_LEGACY, serverApi=null, autoEncryptionSettings=null, contextProvider=null}
2023-07-24T20:29:38.865-07:00  INFO 96442 --- [ewl.mongodb.net] org.mongodb.driver.cluster               : Adding discovered server ac-dwvyrw7-shard-00-02.yeroewl.mongodb.net:27017 to client view of cluster
2023-07-24T20:29:38.874-07:00  INFO 96442 --- [ewl.mongodb.net] org.mongodb.driver.cluster               : Adding discovered server ac-dwvyrw7-shard-00-00.yeroewl.mongodb.net:27017 to client view of cluster
2023-07-24T20:29:38.874-07:00  INFO 96442 --- [ewl.mongodb.net] org.mongodb.driver.cluster               : Adding discovered server ac-dwvyrw7-shard-00-01.yeroewl.mongodb.net:27017 to client view of cluster
2023-07-24T20:29:39.139-07:00  INFO 96442 --- [           main] a.M.movies.MoviesApplicationTests        : Started MoviesApplicationTests in 0.841 seconds (process running for 1.203)
2023-07-24T20:29:39.405-07:00  INFO 96442 --- [ngodb.net:27017] org.mongodb.driver.cluster               : Monitor thread successfully connected to server with description ServerDescription{address=ac-dwvyrw7-shard-00-02.yeroewl.mongodb.net:27017, type=REPLICA_SET_PRIMARY, state=CONNECTED, ok=true, minWireVersion=0, maxWireVersion=17, maxDocumentSize=16777216, logicalSessionTimeoutMinutes=30, roundTripTimeNanos=295902584, setName='atlas-cptxri-shard-0', canonicalAddress=ac-dwvyrw7-shard-00-02.yeroewl.mongodb.net:27017, hosts=[ac-dwvyrw7-shard-00-00.yeroewl.mongodb.net:27017, ac-dwvyrw7-shard-00-01.yeroewl.mongodb.net:27017, ac-dwvyrw7-shard-00-02.yeroewl.mongodb.net:27017], passives=[], arbiters=[], primary='ac-dwvyrw7-shard-00-02.yeroewl.mongodb.net:27017', tagSet=TagSet{[Tag{name='nodeType', value='ELECTABLE'}, Tag{name='provider', value='AWS'}, Tag{name='region', value='US_EAST_1'}, Tag{name='workloadType', value='OPERATIONAL'}]}, electionId=7fffffff0000000000000333, setVersion=2, topologyVersion=TopologyVersion{processId=64ba3b074dc7dc8b926730ee, counter=6}, lastWriteDate=Mon Jul 24 20:29:39 PDT 2023, lastUpdateTimeNanos=363728946763291}
2023-07-24T20:29:39.405-07:00  INFO 96442 --- [ngodb.net:27017] org.mongodb.driver.cluster               : Monitor thread successfully connected to server with description ServerDescription{address=ac-dwvyrw7-shard-00-00.yeroewl.mongodb.net:27017, type=REPLICA_SET_SECONDARY, state=CONNECTED, ok=true, minWireVersion=0, maxWireVersion=17, maxDocumentSize=16777216, logicalSessionTimeoutMinutes=30, roundTripTimeNanos=300136292, setName='atlas-cptxri-shard-0', canonicalAddress=ac-dwvyrw7-shard-00-00.yeroewl.mongodb.net:27017, hosts=[ac-dwvyrw7-shard-00-00.yeroewl.mongodb.net:27017, ac-dwvyrw7-shard-00-01.yeroewl.mongodb.net:27017, ac-dwvyrw7-shard-00-02.yeroewl.mongodb.net:27017], passives=[], arbiters=[], primary='ac-dwvyrw7-shard-00-02.yeroewl.mongodb.net:27017', tagSet=TagSet{[Tag{name='nodeType', value='ELECTABLE'}, Tag{name='provider', value='AWS'}, Tag{name='region', value='US_EAST_1'}, Tag{name='workloadType', value='OPERATIONAL'}]}, electionId=null, setVersion=2, topologyVersion=TopologyVersion{processId=64ba3a22a3d1ec984644acea, counter=4}, lastWriteDate=Mon Jul 24 20:29:39 PDT 2023, lastUpdateTimeNanos=363728946855333}
2023-07-24T20:29:39.405-07:00  INFO 96442 --- [ngodb.net:27017] org.mongodb.driver.cluster               : Monitor thread successfully connected to server with description ServerDescription{address=ac-dwvyrw7-shard-00-01.yeroewl.mongodb.net:27017, type=REPLICA_SET_SECONDARY, state=CONNECTED, ok=true, minWireVersion=0, maxWireVersion=17, maxDocumentSize=16777216, logicalSessionTimeoutMinutes=30, roundTripTimeNanos=297331833, setName='atlas-cptxri-shard-0', canonicalAddress=ac-dwvyrw7-shard-00-01.yeroewl.mongodb.net:27017, hosts=[ac-dwvyrw7-shard-00-00.yeroewl.mongodb.net:27017, ac-dwvyrw7-shard-00-01.yeroewl.mongodb.net:27017, ac-dwvyrw7-shard-00-02.yeroewl.mongodb.net:27017], passives=[], arbiters=[], primary='ac-dwvyrw7-shard-00-02.yeroewl.mongodb.net:27017', tagSet=TagSet{[Tag{name='nodeType', value='ELECTABLE'}, Tag{name='provider', value='AWS'}, Tag{name='region', value='US_EAST_1'}, Tag{name='workloadType', value='OPERATIONAL'}]}, electionId=null, setVersion=2, topologyVersion=TopologyVersion{processId=64ba3bdc6e4de76050a10af5, counter=3}, lastWriteDate=Mon Jul 24 20:29:39 PDT 2023, lastUpdateTimeNanos=363728946700583}
2023-07-24T20:29:39.406-07:00  INFO 96442 --- [ngodb.net:27017] org.mongodb.driver.cluster               : Discovered replica set primary ac-dwvyrw7-shard-00-02.yeroewl.mongodb.net:27017 with max election id 7fffffff0000000000000333 and max set version 2
]]></system-out>
  </testcase>
</testsuite>